c:\users\administrator\documents\asio-websocket-server\public\x64\debug\vc140.pdb
c:\users\administrator\documents\asio-websocket-server\public\x64\debug\vc140.idb
c:\users\administrator\documents\asio-websocket-server\public\x64\debug\message.obj
c:\users\administrator\documents\asio-websocket-server\public\x64\debug\public.pdb
c:\users\administrator\documents\asio-websocket-server\public\x64\debug\public.idb
c:\users\administrator\documents\asio-websocket-server\x64\debug\public.lib
c:\users\administrator\documents\asio-websocket-server\x64\debug\public.pdb
c:\users\administrator\documents\asio-websocket-server\public\x64\debug\public.tlog\cl.command.1.tlog
c:\users\administrator\documents\asio-websocket-server\public\x64\debug\public.tlog\cl.read.1.tlog
c:\users\administrator\documents\asio-websocket-server\public\x64\debug\public.tlog\cl.write.1.tlog
c:\users\administrator\documents\asio-websocket-server\public\x64\debug\public.tlog\lib-link.read.1.tlog
c:\users\administrator\documents\asio-websocket-server\public\x64\debug\public.tlog\lib-link.write.1.tlog
c:\users\administrator\documents\asio-websocket-server\public\x64\debug\public.tlog\lib.command.1.tlog
c:\users\administrator\documents\asio-websocket-server\public\x64\debug\public.tlog\link-cvtres.read.1.tlog
c:\users\administrator\documents\asio-websocket-server\public\x64\debug\public.tlog\link-cvtres.write.1.tlog
c:\users\administrator\documents\asio-websocket-server\public\x64\debug\public.tlog\link-rc.read.1.tlog
c:\users\administrator\documents\asio-websocket-server\public\x64\debug\public.tlog\link-rc.write.1.tlog
c:\users\administrator\documents\asio-websocket-server\public\x64\debug\public.tlog\link.command.1.tlog
c:\users\administrator\documents\asio-websocket-server\public\x64\debug\public.tlog\link.read.1.tlog
c:\users\administrator\documents\asio-websocket-server\public\x64\debug\public.tlog\link.write.1.tlog
